<?xml version="1.0" encoding="UTF-8"?>
<!-- Generated by org.testng.reporters.JUnitReportReporter -->
<testsuite hostname="LAPTOP-D1HCJ82U" failures="0" tests="2" name="tests.ui.LoginTest" time="29.258" errors="0" timestamp="2025-10-16T00:22:53 ICT" skipped="0">
  <testcase classname="tests.ui.LoginTest" name="testValidLogin" time="14.853"/>
  <testcase classname="tests.ui.LoginTest" name="testInvalidLogin" time="14.405"/>
</testsuite> <!-- tests.ui.LoginTest -->
