<?xml version="1.0" encoding="UTF-8"?>
<!-- Generated by org.testng.reporters.JUnitReportReporter -->
<testsuite hostname="LAPTOP-D1HCJ82U" failures="0" tests="1" name="tests.AccountDetailTest" time="4.054" errors="0" timestamp="2025-08-28T15:38:47 ICT" skipped="0">
  <testcase classname="tests.AccountDetailTest" name="testAccountDetail" time="4.054"/>
</testsuite> <!-- tests.AccountDetailTest -->
