<?xml version="1.0" encoding="UTF-8"?>
<!-- Generated by org.testng.reporters.JUnitReportReporter -->
<testsuite hostname="LAPTOP-D1HCJ82U" failures="0" tests="2" name="tests.OpenNewAccountTest" time="15.581" errors="0" timestamp="2025-08-28T15:12:57 ICT" skipped="0">
  <testcase classname="tests.OpenNewAccountTest" name="testOpenSavingsAccount" time="8.646"/>
  <testcase classname="tests.OpenNewAccountTest" name="testOpenCheckingAccount" time="6.935"/>
</testsuite> <!-- tests.OpenNewAccountTest -->
