<?xml version="1.0" encoding="UTF-8"?>
<!-- Generated by org.testng.reporters.JUnitReportReporter -->
<testsuite hostname="LAPTOP-D1HCJ82U" failures="0" tests="2" name="tests.LoginTest" time="42.947" errors="0" timestamp="2025-08-27T16:05:35 ICT" skipped="0">
  <testcase classname="tests.LoginTest" name="testLoginFail" time="11.091"/>
  <testcase classname="tests.LoginTest" name="testLogin" time="31.856"/>
</testsuite> <!-- tests.LoginTest -->
