<?xml version="1.0" encoding="UTF-8"?>
<!-- Generated by org.testng.reporters.JUnitReportReporter -->
<testsuite hostname="LAPTOP-D1HCJ82U" failures="0" tests="1" name="tests.UpdateContactInfoTest" time="16.327" errors="0" timestamp="2025-08-29T13:53:14 ICT" skipped="0">
  <testcase classname="tests.UpdateContactInfoTest" name="testUpdateContactInfo" time="16.327"/>
</testsuite> <!-- tests.UpdateContactInfoTest -->
