<?xml version="1.0" encoding="UTF-8"?>
<!-- Generated by org.testng.reporters.JUnitReportReporter -->
<testsuite hostname="LAPTOP-D1HCJ82U" failures="0" tests="1" name="tests.AccountOverviewTest" time="2.962" errors="0" timestamp="2025-08-28T15:31:36 ICT" skipped="0">
  <testcase classname="tests.AccountOverviewTest" name="testAccountOverview" time="2.962"/>
</testsuite> <!-- tests.AccountOverviewTest -->
