<?xml version="1.0" encoding="UTF-8"?>
<!-- Generated by org.testng.reporters.JUnitReportReporter -->
<testsuite hostname="LAPTOP-D1HCJ82U" failures="0" tests="1" name="tests.PayBillTest" time="3.176" errors="0" timestamp="2025-08-29T11:20:06 ICT" skipped="0">
  <testcase classname="tests.PayBillTest" name="testPayBillFromAccount18228" time="3.176"/>
</testsuite> <!-- tests.PayBillTest -->
