<?xml version="1.0" encoding="UTF-8"?>
<!-- Generated by org.testng.reporters.JUnitReportReporter -->
<testsuite hostname="LAPTOP-D1HCJ82U" failures="0" tests="1" name="tests.ui.UpdateContactInfoTest" time="27.589" errors="0" timestamp="2025-10-16T13:49:04 ICT" skipped="0">
  <testcase classname="tests.ui.UpdateContactInfoTest" name="testUpdateContactInfo" time="27.589"/>
</testsuite> <!-- tests.ui.UpdateContactInfoTest -->
