<?xml version="1.0" encoding="UTF-8"?>
<!-- Generated by org.testng.reporters.JUnitReportReporter -->
<testsuite hostname="LAPTOP-D1HCJ82U" failures="0" tests="1" name="tests.ui.RegisterTest" time="28.193" errors="0" timestamp="2025-10-15T14:04:23 ICT" skipped="0">
  <testcase classname="tests.ui.RegisterTest" name="testSuccessfulRegistration" time="28.193"/>
</testsuite> <!-- tests.ui.RegisterTest -->
