<?xml version="1.0" encoding="UTF-8"?>
<!-- Generated by org.testng.reporters.JUnitReportReporter -->
<testsuite hostname="LAPTOP-D1HCJ82U" failures="0" tests="1" name="tests.TransferFundsTest" time="5.235" errors="0" timestamp="2025-08-28T19:13:12 ICT" skipped="0">
  <testcase classname="tests.TransferFundsTest" name="testTransferFunds" time="5.235"/>
</testsuite> <!-- tests.TransferFundsTest -->
