<?xml version="1.0" encoding="UTF-8"?>
<!-- Generated by org.testng.reporters.JUnitReportReporter -->
<testsuite hostname="LAPTOP-D1HCJ82U" failures="0" tests="1" name="tests.api.ParabankApiTest" time="3.684" errors="0" timestamp="2025-10-16T22:01:22 ICT" skipped="0">
  <testcase classname="tests.api.ParabankApiTest" name="testGetAccountDetails" time="3.684"/>
</testsuite> <!-- tests.api.ParabankApiTest -->
