<?xml version="1.0" encoding="UTF-8"?>
<!-- Generated by org.testng.reporters.JUnitReportReporter -->
<testsuite hostname="LAPTOP-D1HCJ82U" failures="0" tests="5" name="tests.api.CustomerApiTest" time="6.180" errors="0" timestamp="2025-10-19T00:46:42 ICT" skipped="0">
  <testcase classname="tests.api.CustomerApiTest" name="testGetCustomerDetails" time="0.846"/>
  <testcase classname="tests.api.CustomerApiTest" name="testUpdateCustomerInfo" time="0.388"/>
  <testcase classname="tests.api.CustomerApiTest" name="testCreateAccount" time="3.268"/>
  <testcase classname="tests.api.CustomerApiTest" name="testGetAccountDetails" time="0.848"/>
  <testcase classname="tests.api.CustomerApiTest" name="testGetCustomerPositions" time="0.830"/>
</testsuite> <!-- tests.api.CustomerApiTest -->
