<?xml version="1.0" encoding="UTF-8"?>
<!-- Generated by org.testng.reporters.JUnitReportReporter -->
<testsuite hostname="LAPTOP-D1HCJ82U" failures="0" tests="1" name="tests.FindTransactionsTest" time="1.401" errors="0" timestamp="2025-08-29T13:32:40 ICT" skipped="0">
  <testcase classname="tests.FindTransactionsTest" name="testFindByAmount" time="1.401"/>
</testsuite> <!-- tests.FindTransactionsTest -->
