<?xml version="1.0" encoding="UTF-8"?>
<!-- Generated by org.testng.reporters.JUnitReportReporter -->
<testsuite hostname="LAPTOP-D1HCJ82U" failures="0" tests="6" name="tests.api.AccountApiTest" time="7.063" errors="0" timestamp="2025-10-19T00:47:03 ICT" skipped="0">
  <testcase classname="tests.api.AccountApiTest" name="testWithdraw" time="0.835"/>
  <testcase classname="tests.api.AccountApiTest" name="testBillPay" time="3.264"/>
  <testcase classname="tests.api.AccountApiTest" name="testGetAccountById" time="0.399"/>
  <testcase classname="tests.api.AccountApiTest" name="testGetCustomerAccounts" time="0.847"/>
  <testcase classname="tests.api.AccountApiTest" name="testDeposit" time="0.849"/>
  <testcase classname="tests.api.AccountApiTest" name="testTransfer" time="0.869"/>
</testsuite> <!-- tests.api.AccountApiTest -->
