<?xml version="1.0" encoding="UTF-8"?>
<!-- Generated by org.testng.reporters.JUnitReportReporter -->
<testsuite hostname="LAPTOP-D1HCJ82U" failures="0" tests="2" name="tests.ui.OpenNewAccountTest" time="20.700" errors="0" timestamp="2025-10-16T00:22:53 ICT" skipped="0">
  <testcase classname="tests.ui.OpenNewAccountTest" name="testOpenSavingsAccount" time="4.322"/>
  <testcase classname="tests.ui.OpenNewAccountTest" name="testOpenCheckingAccount" time="16.378"/>
</testsuite> <!-- tests.ui.OpenNewAccountTest -->
