<?xml version="1.0" encoding="UTF-8"?>
<!-- Generated by org.testng.reporters.JUnitReportReporter -->
<testsuite hostname="LAPTOP-D1HCJ82U" failures="0" tests="6" name="tests.api.TransactionApiTest" time="7.301" errors="0" timestamp="2025-10-19T00:46:27 ICT" skipped="0">
  <testcase classname="tests.api.TransactionApiTest" name="testGetTransactionsByAmount" time="0.351"/>
  <testcase classname="tests.api.TransactionApiTest" name="testGetTransactionsByAccountId" time="0.727"/>
  <testcase classname="tests.api.TransactionApiTest" name="testGetTransactionsByDate" time="0.730"/>
  <testcase classname="tests.api.TransactionApiTest" name="testGetTransactionsByDateRange" time="0.937"/>
  <testcase classname="tests.api.TransactionApiTest" name="testGetTransactionById" time="3.847"/>
  <testcase classname="tests.api.TransactionApiTest" name="testGetTransactionsByMonthAndType" time="0.709"/>
</testsuite> <!-- tests.api.TransactionApiTest -->
